# JRE version: Java(TM) SE Runtime Environment (20.0.2+9) (build 20.0.2+9-78)
# Java VM: Java HotSpot(TM) 64-Bit Server VM (20.0.2+9-78, mixed mode, sharing, tiered, compressed oops, compressed class ptrs, g1 gc, windows-amd64)
GC Precious Log:
 CardTable entry size: 512
 Card Set container configuration: InlinePtr #cards 4 size 8 Array Of Cards #cards 64 size 144 Howl #buckets 8 coarsen threshold 14745 Howl Bitmap #cards 2048 size 272 coarsen threshold 1843 Card regions per heap region 1 cards per card region 16384
 CPUs: 4 total, 4 available
 Memory: 65453M
 Large Page Support: Disabled
 NUMA Support: Disabled
 Compressed Oops: Enabled (Zero based)
 Heap Region Size: 8M
 Heap Min Capacity: 8M
 Heap Initial Capacity: 1G
 Heap Max Capacity: 16368M
 Pre-touch: Disabled
 Parallel Workers: 4
 Concurrent Workers: 1
 Concurrent Refinement Workers: 4
 Periodic GC: Disabled
Heap:
 garbage-first heap   total 57344K, used 12805K [0x0000000401000000, 0x0000000800000000)
  region size 8192K, 2 young (16384K), 1 survivors (8192K)
 Metaspace       used 27163K, committed 27648K, reserved 1114112K
  class space    used 3232K, committed 3456K, reserved 1048576K
GC Heap History (12 events):
Event: 0.933 GC heap before
{Heap before GC invocations=0 (full 0):
 garbage-first heap   total 1048576K, used 49152K [0x0000000401000000, 0x0000000800000000)
  region size 8192K, 6 young (49152K), 0 survivors (0K)
 Metaspace       used 8452K, committed 8704K, reserved 1114112K
  class space    used 912K, committed 1024K, reserved 1048576K
}
Event: 0.939 GC heap after
{Heap after GC invocations=1 (full 0):
 garbage-first heap   total 1048576K, used 5322K [0x0000000401000000, 0x0000000800000000)
  region size 8192K, 1 young (8192K), 1 survivors (8192K)
 Metaspace       used 8452K, committed 8704K, reserved 1114112K
  class space    used 912K, committed 1024K, reserved 1048576K
}
Event: 1.313 GC heap before
{Heap before GC invocations=1 (full 0):
 garbage-first heap   total 1048576K, used 46282K [0x0000000401000000, 0x0000000800000000)
  region size 8192K, 6 young (49152K), 1 survivors (8192K)
 Metaspace       used 12456K, committed 12736K, reserved 1114112K
  class space    used 1406K, committed 1536K, reserved 1048576K
}
Event: 1.317 GC heap after
{Heap after GC invocations=2 (full 0):
 garbage-first heap   total 1048576K, used 6673K [0x0000000401000000, 0x0000000800000000)
  region size 8192K, 1 young (8192K), 1 survivors (8192K)
 Metaspace       used 12456K, committed 12736K, reserved 1114112K
  class space    used 1406K, committed 1536K, reserved 1048576K
}
Event: 1.856 GC heap before
{Heap before GC invocations=2 (full 0):
 garbage-first heap   total 1048576K, used 64017K [0x0000000401000000, 0x0000000800000000)
  region size 8192K, 8 young (65536K), 1 survivors (8192K)
 Metaspace       used 17953K, committed 18176K, reserved 1114112K
  class space    used 2077K, committed 2176K, reserved 1048576K
}
Event: 1.859 GC heap after
{Heap after GC invocations=3 (full 0):
 garbage-first heap   total 1048576K, used 8780K [0x0000000401000000, 0x0000000800000000)
  region size 8192K, 1 young (8192K), 1 survivors (8192K)
 Metaspace       used 17953K, committed 18176K, reserved 1114112K
  class space    used 2077K, committed 2176K, reserved 1048576K
}
Event: 2.425 GC heap before
{Heap before GC invocations=3 (full 0):
 garbage-first heap   total 1048576K, used 49740K [0x0000000401000000, 0x0000000800000000)
  region size 8192K, 7 young (57344K), 1 survivors (8192K)
 Metaspace       used 21294K, committed 21504K, reserved 1114112K
  class space    used 2470K, committed 2560K, reserved 1048576K
}
Event: 2.428 GC heap after
{Heap after GC invocations=4 (full 0):
 garbage-first heap   total 1048576K, used 10629K [0x0000000401000000, 0x0000000800000000)
  region size 8192K, 1 young (8192K), 1 survivors (8192K)
 Metaspace       used 21294K, committed 21504K, reserved 1114112K
  class space    used 2470K, committed 2560K, reserved 1048576K
}
Event: 2.805 GC heap before
{Heap before GC invocations=5 (full 0):
 garbage-first heap   total 57344K, used 35205K [0x0000000401000000, 0x0000000800000000)
  region size 8192K, 4 young (32768K), 1 survivors (8192K)
 Metaspace       used 23869K, committed 24320K, reserved 1114112K
  class space    used 2861K, committed 3072K, reserved 1048576K
}
Event: 2.811 GC heap after
{Heap after GC invocations=6 (full 0):
 garbage-first heap   total 57344K, used 11602K [0x0000000401000000, 0x0000000800000000)
  region size 8192K, 1 young (8192K), 1 survivors (8192K)
 Metaspace       used 23869K, committed 24320K, reserved 1114112K
  class space    used 2861K, committed 3072K, reserved 1048576K
}
Event: 3.132 GC heap before
{Heap before GC invocations=6 (full 0):
 garbage-first heap   total 57344K, used 36178K [0x0000000401000000, 0x0000000800000000)
  region size 8192K, 4 young (32768K), 1 survivors (8192K)
 Metaspace       used 27044K, committed 27520K, reserved 1114112K
  class space    used 3210K, committed 3456K, reserved 1048576K
}
Event: 3.144 GC heap after
{Heap after GC invocations=7 (full 0):
 garbage-first heap   total 57344K, used 12805K [0x0000000401000000, 0x0000000800000000)
  region size 8192K, 1 young (8192K), 1 survivors (8192K)
 Metaspace       used 27044K, committed 27520K, reserved 1114112K
  class space    used 3210K, committed 3456K, reserved 1048576K
}

